<?xml version="1.0" encoding="UTF-8"?>
<!-- Generated by org.testng.reporters.JUnitXMLReporter -->
<testsuite ignored="0" hostname="MAHIBALRATHORE" failures="0" tests="4" name="Test" time="0.137" errors="0" timestamp="30 Dec 2021 12:00:09 GMT">
  <testcase classname="com.crm.maven1.MavenCommandPractice1" name="createOrg" time="0.018"/>
  <testcase classname="com.crm.maven1.MavenCommandPractice1" name="deleteOrg" time="0.003"/>
  <testcase classname="com.crm.maven.MavenCommandPractice" name="contactCreate" time="0.001"/>
  <testcase classname="com.crm.maven.MavenCommandPractice" name="contactDelete" time="0.002"/>
</testsuite> <!-- Test -->
