<?xml version="1.0" encoding="UTF-8"?>
<!-- Generated by org.testng.reporters.JUnitReportReporter -->
<testsuite hostname="MAHIBALRATHORE" failures="0" tests="2" name="com.crm.maven.MavenCommandPractice" time="0.006" errors="0" timestamp="01 Jan 2022 15:17:51 GMT" skipped="0">
  <testcase classname="com.crm.maven.MavenCommandPractice" name="contactCreate" time="0.003"/>
  <testcase classname="com.crm.maven.MavenCommandPractice" name="contactDelete" time="0.003"/>
</testsuite> <!-- com.crm.maven.MavenCommandPractice -->
