<?xml version="1.0" encoding="UTF-8"?>
<!-- Generated by org.testng.reporters.JUnitReportReporter -->
<testsuite hostname="MAHIBALRATHORE" failures="0" tests="2" name="com.crm.maven1.MavenCommandPractice1" time="0.038" errors="0" timestamp="01 Jan 2022 15:17:51 GMT" skipped="0">
  <testcase classname="com.crm.maven1.MavenCommandPractice1" name="createOrg" time="0.033"/>
  <testcase classname="com.crm.maven1.MavenCommandPractice1" name="deleteOrg" time="0.005"/>
</testsuite> <!-- com.crm.maven1.MavenCommandPractice1 -->
