<?xml version="1.0" encoding="UTF-8"?>
<!-- Generated by org.testng.reporters.JUnitXMLReporter -->
<testsuite ignored="0" hostname="MAHIBALRATHORE" failures="0" tests="4" name="Default test" time="0.195" errors="0" timestamp="01 Jan 2022 15:17:51 GMT">
  <testcase classname="com.crm.maven1.MavenCommandPractice1" name="createOrg" time="0.033"/>
  <testcase classname="com.crm.maven1.MavenCommandPractice1" name="deleteOrg" time="0.005"/>
  <testcase classname="com.crm.maven.MavenCommandPractice" name="contactCreate" time="0.003"/>
  <testcase classname="com.crm.maven.MavenCommandPractice" name="contactDelete" time="0.003"/>
</testsuite> <!-- Default test -->
